INFO 2025-08-29 10:10:51,355 autoreload 22052 14752 Watching for file changes with StatReloader
INFO 2025-08-29 10:11:51,902 autoreload 10048 5368 Watching for file changes with StatReloader
INFO 2025-08-29 10:12:53,282 autoreload 22668 1176 Watching for file changes with StatReloader
INFO 2025-08-29 10:15:03,276 autoreload 22132 14740 Watching for file changes with StatReloader
INFO 2025-08-29 10:17:30,094 autoreload 9488 23624 Watching for file changes with StatReloader
INFO 2025-08-29 10:18:04,800 autoreload 14004 2692 Watching for file changes with StatReloader
INFO 2025-08-29 10:18:36,092 basehttp 14004 17692 "GET / HTTP/1.1" 200 8725
WARNING 2025-08-29 10:18:36,844 log 14004 17692 Not Found: /favicon.ico
WARNING 2025-08-29 10:18:36,844 basehttp 14004 17692 "GET /favicon.ico HTTP/1.1" 404 5138
INFO 2025-08-29 10:18:39,407 basehttp 14004 17692 "GET /candidatures/create/ HTTP/1.1" 200 9560
INFO 2025-08-29 10:18:40,252 basehttp 14004 17692 "GET /candidatures/my-candidatures/ HTTP/1.1" 200 18223
INFO 2025-08-29 10:18:41,029 basehttp 14004 17692 "GET / HTTP/1.1" 200 8725
INFO 2025-08-29 10:29:50,623 autoreload 12764 19328 Watching for file changes with StatReloader
INFO 2025-08-29 10:30:14,644 basehttp 12764 9720 "GET / HTTP/1.1" 200 7944
WARNING 2025-08-29 10:30:14,702 log 12764 5724 Not Found: /meta.json
WARNING 2025-08-29 10:30:14,703 basehttp 12764 5724 "GET /meta.json HTTP/1.1" 404 5132
WARNING 2025-08-29 10:30:15,082 log 12764 9720 Not Found: /meta.json
WARNING 2025-08-29 10:30:15,083 basehttp 12764 9720 "GET /meta.json HTTP/1.1" 404 5132
INFO 2025-08-29 10:30:19,295 basehttp 12764 9720 "GET / HTTP/1.1" 200 7944
WARNING 2025-08-29 10:30:19,391 log 12764 9720 Not Found: /meta.json
WARNING 2025-08-29 10:30:19,391 basehttp 12764 9720 "GET /meta.json HTTP/1.1" 404 5132
INFO 2025-08-29 10:30:21,546 basehttp 12764 9720 "GET /login/ HTTP/1.1" 200 7507
WARNING 2025-08-29 10:30:21,634 log 12764 9720 Not Found: /meta.json
WARNING 2025-08-29 10:30:21,634 basehttp 12764 9720 "GET /meta.json HTTP/1.1" 404 5132
INFO 2025-08-29 10:30:22,498 basehttp 12764 9720 "GET /register/ HTTP/1.1" 200 12080
WARNING 2025-08-29 10:30:22,591 log 12764 9720 Not Found: /meta.json
WARNING 2025-08-29 10:30:22,593 basehttp 12764 9720 "GET /meta.json HTTP/1.1" 404 5132
INFO 2025-08-29 10:30:23,698 basehttp 12764 9720 "GET /login/ HTTP/1.1" 200 7507
WARNING 2025-08-29 10:30:23,794 log 12764 9720 Not Found: /meta.json
WARNING 2025-08-29 10:30:23,796 basehttp 12764 9720 "GET /meta.json HTTP/1.1" 404 5132
INFO 2025-08-29 10:30:34,243 basehttp 12764 9720 "POST /login/ HTTP/1.1" 302 0
INFO 2025-08-29 10:30:34,255 basehttp 12764 9720 "GET / HTTP/1.1" 200 9181
WARNING 2025-08-29 10:30:34,358 log 12764 9720 Not Found: /meta.json
WARNING 2025-08-29 10:30:34,359 basehttp 12764 9720 "GET /meta.json HTTP/1.1" 404 5132
INFO 2025-08-29 10:30:36,369 basehttp 12764 9720 "GET /candidatures/my-candidatures/ HTTP/1.1" 200 18223
WARNING 2025-08-29 10:30:36,467 log 12764 9720 Not Found: /meta.json
WARNING 2025-08-29 10:30:36,468 basehttp 12764 9720 "GET /meta.json HTTP/1.1" 404 5132
INFO 2025-08-29 10:30:50,717 basehttp 12764 9720 "GET /candidatures/my-candidatures/ HTTP/1.1" 200 18223
WARNING 2025-08-29 10:30:50,827 log 12764 9720 Not Found: /meta.json
WARNING 2025-08-29 10:30:50,827 basehttp 12764 9720 "GET /meta.json HTTP/1.1" 404 5132
INFO 2025-08-29 10:30:51,689 basehttp 12764 9720 "GET /candidatures/create/ HTTP/1.1" 200 9560
WARNING 2025-08-29 10:30:51,791 log 12764 9720 Not Found: /meta.json
WARNING 2025-08-29 10:30:51,791 basehttp 12764 9720 "GET /meta.json HTTP/1.1" 404 5132
INFO 2025-08-29 10:30:54,656 basehttp 12764 9720 "GET /candidatures/my-candidatures/ HTTP/1.1" 200 18223
WARNING 2025-08-29 10:30:54,759 log 12764 9720 Not Found: /meta.json
WARNING 2025-08-29 10:30:54,759 basehttp 12764 9720 "GET /meta.json HTTP/1.1" 404 5132
INFO 2025-08-29 10:47:52,682 autoreload 24188 14680 Watching for file changes with StatReloader
INFO 2025-08-29 10:48:21,705 basehttp 24188 16936 "GET / HTTP/1.1" 200 8725
INFO 2025-08-29 10:48:24,573 basehttp 24188 16936 "GET /candidatures/create/ HTTP/1.1" 200 9560
INFO 2025-08-29 10:48:26,233 basehttp 24188 16936 "GET /candidatures/my-candidatures/ HTTP/1.1" 200 18223
INFO 2025-08-29 10:48:27,710 basehttp 24188 16936 "GET /candidatures/my-candidatures/ HTTP/1.1" 200 18223
INFO 2025-08-29 10:48:29,179 basehttp 24188 16936 "GET /candidatures/create/ HTTP/1.1" 200 9560
INFO 2025-08-29 10:48:29,973 basehttp 24188 16936 "GET / HTTP/1.1" 200 8725
INFO 2025-08-29 10:48:31,501 basehttp 24188 16936 "GET /profile/ HTTP/1.1" 200 11116
